{"C:\\Users\\20230244\\Documents\\AquaLink\\src\\tests\\Sum.ts": {"path":"C:\\Users\\20230244\\Documents\\AquaLink\\src\\tests\\Sum.ts","all":false,"statementMap":{"0":{"start":{"line":1,"column":0},"end":{"line":1,"column":45}},"1":{"start":{"line":2,"column":0},"end":{"line":2,"column":12}},"2":{"start":{"line":3,"column":0},"end":{"line":3,"column":19}},"3":{"start":{"line":4,"column":0},"end":{"line":4,"column":5}},"4":{"start":{"line":5,"column":0},"end":{"line":5,"column":0}},"5":{"start":{"line":6,"column":0},"end":{"line":6,"column":1}},"6":{"start":{"line":7,"column":0},"end":{"line":7,"column":0}},"7":{"start":{"line":8,"column":0},"end":{"line":8,"column":15}}},"s":{"0":1,"1":1,"2":1,"3":1,"4":1,"5":1,"6":1,"7":1},"branchMap":{"0":{"type":"branch","line":1,"loc":{"start":{"line":1,"column":12},"end":{"line":6,"column":1}},"locations":[{"start":{"line":1,"column":12},"end":{"line":6,"column":1}}]}},"b":{"0":[1]},"fnMap":{"0":{"name":"Sum","decl":{"start":{"line":1,"column":12},"end":{"line":6,"column":1}},"loc":{"start":{"line":1,"column":12},"end":{"line":6,"column":1}},"line":1}},"f":{"0":1}}
}
